c:\users\la ludotheque\source\repos\bravesociety\societylibrary\debug\societylibrary.pch
c:\users\la ludotheque\source\repos\bravesociety\societylibrary\debug\societylibrary.pdb
c:\users\la ludotheque\source\repos\bravesociety\societylibrary\debug\societylibrary.idb
c:\users\la ludotheque\source\repos\bravesociety\societylibrary\debug\stdafx.obj
c:\users\la ludotheque\source\repos\bravesociety\societylibrary\debug\xmlmanipulation.obj
c:\users\la ludotheque\source\repos\bravesociety\societylibrary\debug\colormanipulation.obj
c:\users\la ludotheque\source\repos\bravesociety\societylibrary\debug\mymain.obj
c:\users\la ludotheque\source\repos\bravesociety\societylibrary\debug\member.obj
c:\users\la ludotheque\source\repos\bravesociety\societylibrary\debug\gameobject.obj
c:\users\la ludotheque\source\repos\bravesociety\societylibrary\debug\gamemanager.obj
c:\users\la ludotheque\source\repos\bravesociety\societylibrary\debug\infrastructure.obj
c:\users\la ludotheque\source\repos\bravesociety\debug\societylibrary.lib
c:\users\la ludotheque\source\repos\bravesociety\societylibrary\debug\vcpkg.applocal.log
c:\users\la ludotheque\source\repos\bravesociety\debug\societylibrary.pdb
c:\users\la ludotheque\source\repos\bravesociety\societylibrary\debug\societylibrary.tlog\cl.command.1.tlog
c:\users\la ludotheque\source\repos\bravesociety\societylibrary\debug\societylibrary.tlog\cl.read.1.tlog
c:\users\la ludotheque\source\repos\bravesociety\societylibrary\debug\societylibrary.tlog\cl.write.1.tlog
c:\users\la ludotheque\source\repos\bravesociety\societylibrary\debug\societylibrary.tlog\lib-link.read.1.tlog
c:\users\la ludotheque\source\repos\bravesociety\societylibrary\debug\societylibrary.tlog\lib-link.write.1.tlog
c:\users\la ludotheque\source\repos\bravesociety\societylibrary\debug\societylibrary.tlog\lib.command.1.tlog
c:\users\la ludotheque\source\repos\bravesociety\societylibrary\debug\societylibrary.tlog\societylibrary.write.1u.tlog
