c:\users\q\source\repos\bravesociety\bravesociety\debug\vcpkg.applocal.log
c:\users\q\source\repos\bravesociety\debug\sfml-graphics-d-2.dll
c:\users\q\source\repos\bravesociety\debug\sfml-window-d-2.dll
c:\users\q\source\repos\bravesociety\debug\sfml-system-d-2.dll
c:\users\q\source\repos\bravesociety\debug\freetyped.dll
c:\users\q\source\repos\bravesociety\debug\zlibd1.dll
c:\users\q\source\repos\bravesociety\debug\bz2d.dll
c:\users\q\source\repos\bravesociety\debug\libpng16d.dll
c:\users\q\source\repos\bravesociety\bravesociety\debug\bravesociety.pch
c:\users\q\source\repos\bravesociety\bravesociety\debug\vc141.pdb
c:\users\q\source\repos\bravesociety\bravesociety\debug\vc141.idb
c:\users\q\source\repos\bravesociety\bravesociety\debug\pch.obj
c:\users\q\source\repos\bravesociety\bravesociety\debug\bravesociety.obj
c:\users\q\source\repos\bravesociety\debug\bravesociety.pdb
c:\users\q\source\repos\bravesociety\bravesociety\debug\bravesociety.tlog\bravesociety.write.1u.tlog
c:\users\q\source\repos\bravesociety\bravesociety\debug\bravesociety.tlog\cl.command.1.tlog
c:\users\q\source\repos\bravesociety\bravesociety\debug\bravesociety.tlog\cl.read.1.tlog
c:\users\q\source\repos\bravesociety\bravesociety\debug\bravesociety.tlog\cl.write.1.tlog
c:\users\q\source\repos\bravesociety\bravesociety\debug\bravesociety.tlog\link-cvtres.read.1.tlog
c:\users\q\source\repos\bravesociety\bravesociety\debug\bravesociety.tlog\link-cvtres.write.1.tlog
c:\users\q\source\repos\bravesociety\bravesociety\debug\bravesociety.tlog\link-rc.read.1.tlog
c:\users\q\source\repos\bravesociety\bravesociety\debug\bravesociety.tlog\link-rc.write.1.tlog
c:\users\q\source\repos\bravesociety\bravesociety\debug\bravesociety.tlog\link.13428-cvtres.read.1.tlog
c:\users\q\source\repos\bravesociety\bravesociety\debug\bravesociety.tlog\link.13428-cvtres.write.1.tlog
c:\users\q\source\repos\bravesociety\bravesociety\debug\bravesociety.tlog\link.13428-rc.read.1.tlog
c:\users\q\source\repos\bravesociety\bravesociety\debug\bravesociety.tlog\link.13428-rc.write.1.tlog
c:\users\q\source\repos\bravesociety\bravesociety\debug\bravesociety.tlog\link.13428.read.1.tlog
c:\users\q\source\repos\bravesociety\bravesociety\debug\bravesociety.tlog\link.13428.write.1.tlog
c:\users\q\source\repos\bravesociety\bravesociety\debug\bravesociety.tlog\link.command.1.tlog
c:\users\q\source\repos\bravesociety\bravesociety\debug\bravesociety.tlog\link.read.1.tlog
c:\users\q\source\repos\bravesociety\bravesociety\debug\bravesociety.tlog\link.write.1.tlog
